Determining if the pthread_create exist failed with the following output:
Change Dir: /home/ono/misc/2DIsing_simulation/build/CMakeFiles/CMakeTmp

Run Build Command:"/usr/bin/make" "cmTC_0d158/fast"
/usr/bin/make -f CMakeFiles/cmTC_0d158.dir/build.make CMakeFiles/cmTC_0d158.dir/build
make[1]: Entering directory '/home/ono/misc/2DIsing_simulation/build/CMakeFiles/CMakeTmp'
Building C object CMakeFiles/cmTC_0d158.dir/CheckSymbolExists.c.o
/usr/bin/cc    -fPIC    -o CMakeFiles/cmTC_0d158.dir/CheckSymbolExists.c.o   -c /home/ono/misc/2DIsing_simulation/build/CMakeFiles/CMakeTmp/CheckSymbolExists.c
Linking C executable cmTC_0d158
/usr/bin/cmake -E cmake_link_script CMakeFiles/cmTC_0d158.dir/link.txt --verbose=1
/usr/bin/cc  -fPIC     CMakeFiles/cmTC_0d158.dir/CheckSymbolExists.c.o  -o cmTC_0d158 -rdynamic 
CMakeFiles/cmTC_0d158.dir/CheckSymbolExists.c.o: In function `main':
CheckSymbolExists.c:(.text+0x1b): undefined reference to `pthread_create'
collect2: error: ld returned 1 exit status
CMakeFiles/cmTC_0d158.dir/build.make:97: recipe for target 'cmTC_0d158' failed
make[1]: *** [cmTC_0d158] Error 1
make[1]: Leaving directory '/home/ono/misc/2DIsing_simulation/build/CMakeFiles/CMakeTmp'
Makefile:126: recipe for target 'cmTC_0d158/fast' failed
make: *** [cmTC_0d158/fast] Error 2

File /home/ono/misc/2DIsing_simulation/build/CMakeFiles/CMakeTmp/CheckSymbolExists.c:
/* */
#include <pthread.h>

int main(int argc, char** argv)
{
  (void)argv;
#ifndef pthread_create
  return ((int*)(&pthread_create))[argc];
#else
  (void)argc;
  return 0;
#endif
}

Determining if the function pthread_create exists in the pthreads failed with the following output:
Change Dir: /home/ono/misc/2DIsing_simulation/build/CMakeFiles/CMakeTmp

Run Build Command:"/usr/bin/make" "cmTC_21b25/fast"
/usr/bin/make -f CMakeFiles/cmTC_21b25.dir/build.make CMakeFiles/cmTC_21b25.dir/build
make[1]: Entering directory '/home/ono/misc/2DIsing_simulation/build/CMakeFiles/CMakeTmp'
Building C object CMakeFiles/cmTC_21b25.dir/CheckFunctionExists.c.o
/usr/bin/cc    -fPIC -DCHECK_FUNCTION_EXISTS=pthread_create   -o CMakeFiles/cmTC_21b25.dir/CheckFunctionExists.c.o   -c /usr/share/cmake-3.5/Modules/CheckFunctionExists.c
Linking C executable cmTC_21b25
/usr/bin/cmake -E cmake_link_script CMakeFiles/cmTC_21b25.dir/link.txt --verbose=1
/usr/bin/cc  -fPIC -DCHECK_FUNCTION_EXISTS=pthread_create    CMakeFiles/cmTC_21b25.dir/CheckFunctionExists.c.o  -o cmTC_21b25 -rdynamic -lpthreads 
/usr/bin/ld: cannot find -lpthreads
collect2: error: ld returned 1 exit status
CMakeFiles/cmTC_21b25.dir/build.make:97: recipe for target 'cmTC_21b25' failed
make[1]: *** [cmTC_21b25] Error 1
make[1]: Leaving directory '/home/ono/misc/2DIsing_simulation/build/CMakeFiles/CMakeTmp'
Makefile:126: recipe for target 'cmTC_21b25/fast' failed
make: *** [cmTC_21b25/fast] Error 2


